<?xml version="1.0" encoding="UTF-8"?>
<testsuite name="com.mmontilla.numeros_romanos.RomanNumberTest" tests="24" skipped="0" failures="0" errors="0" timestamp="2020-01-01T02:44:47" hostname="Laptop-Monti" time="0.021">
  <properties/>
  <testcase name="convertNumberThreeToRoman" classname="com.mmontilla.numeros_romanos.RomanNumberTest" time="0.001"/>
  <testcase name="convertNumberElevenToRoman" classname="com.mmontilla.numeros_romanos.RomanNumberTest" time="0.0"/>
  <testcase name="convertNumberFiveToRoman" classname="com.mmontilla.numeros_romanos.RomanNumberTest" time="0.0"/>
  <testcase name="convertNumberNineteenToRoman" classname="com.mmontilla.numeros_romanos.RomanNumberTest" time="0.0"/>
  <testcase name="verifyDecenasRomanNumbers" classname="com.mmontilla.numeros_romanos.RomanNumberTest" time="0.009"/>
  <testcase name="convertNumberNineToRoman" classname="com.mmontilla.numeros_romanos.RomanNumberTest" time="0.0"/>
  <testcase name="convertNumberSeventeenToRoman" classname="com.mmontilla.numeros_romanos.RomanNumberTest" time="0.001"/>
  <testcase name="convertNumberTheerteenToRoman" classname="com.mmontilla.numeros_romanos.RomanNumberTest" time="0.0"/>
  <testcase name="convertNumberFifteenToRoman" classname="com.mmontilla.numeros_romanos.RomanNumberTest" time="0.0"/>
  <testcase name="convertNumberSixteenToRoman" classname="com.mmontilla.numeros_romanos.RomanNumberTest" time="0.0"/>
  <testcase name="convertNumberSixToRoman" classname="com.mmontilla.numeros_romanos.RomanNumberTest" time="0.0"/>
  <testcase name="convertNumberFourteenToRoman" classname="com.mmontilla.numeros_romanos.RomanNumberTest" time="0.0"/>
  <testcase name="convertNumberEightToRoman" classname="com.mmontilla.numeros_romanos.RomanNumberTest" time="0.0"/>
  <testcase name="convertNumberEighteenToRoman" classname="com.mmontilla.numeros_romanos.RomanNumberTest" time="0.0"/>
  <testcase name="convertNumberFourToRoman" classname="com.mmontilla.numeros_romanos.RomanNumberTest" time="0.0"/>
  <testcase name="verifyTreintenaRomanNumbers" classname="com.mmontilla.numeros_romanos.RomanNumberTest" time="0.002"/>
  <testcase name="convertNumberSevenToRoman" classname="com.mmontilla.numeros_romanos.RomanNumberTest" time="0.0"/>
  <testcase name="convertNumberOneToRoman" classname="com.mmontilla.numeros_romanos.RomanNumberTest" time="0.0"/>
  <testcase name="verifyRomanNumbers" classname="com.mmontilla.numeros_romanos.RomanNumberTest" time="0.001"/>
  <testcase name="convertNumberTwoToRoman" classname="com.mmontilla.numeros_romanos.RomanNumberTest" time="0.0"/>
  <testcase name="verifyVeintenaRomanNumbers" classname="com.mmontilla.numeros_romanos.RomanNumberTest" time="0.001"/>
  <testcase name="convertNumberTwentyToRoman" classname="com.mmontilla.numeros_romanos.RomanNumberTest" time="0.0"/>
  <testcase name="convertNumberTenToRoman" classname="com.mmontilla.numeros_romanos.RomanNumberTest" time="0.001"/>
  <testcase name="convertNumberTwelveToRoman" classname="com.mmontilla.numeros_romanos.RomanNumberTest" time="0.0"/>
  <system-out><![CDATA[]]></system-out>
  <system-err><![CDATA[]]></system-err>
</testsuite>
